2024-08-06 13:52:22,026:ERROR:Erro ao executar a consulta: (pymysql.err.ProgrammingError) (1064, "You have an error in your SQL syntax; check the manual that corresponds to your MariaDB server version for the right syntax to use near '146438.log_sync_err ORDER BY id DESC' at line 1")
[SQL: SELECT id, table_name, sentido, operation, error FROM 146438.log_sync_err ORDER BY id DESC;]
(Background on this error at: https://sqlalche.me/e/14/f405)
2024-08-06 13:55:05,341:ERROR:Erro ao executar a consulta: (pymysql.err.ProgrammingError) (1064, "You have an error in your SQL syntax; check the manual that corresponds to your MariaDB server version for the right syntax to use near '146438.log_sync_err ORDER BY id DESC' at line 1")
[SQL: SELECT id, table_name, sentido, operation, error FROM 146438.log_sync_err ORDER BY id DESC;]
(Background on this error at: https://sqlalche.me/e/14/f405)
2024-08-06 14:00:34,477:ERROR:Erro ao executar a consulta: (pymysql.err.ProgrammingError) (1064, "You have an error in your SQL syntax; check the manual that corresponds to your MariaDB server version for the right syntax to use near '662.log_sync_err ORDER BY id DESC' at line 1")
[SQL: SELECT id, table_name, sentido, operation, error FROM 662.log_sync_err ORDER BY id DESC;]
(Background on this error at: https://sqlalche.me/e/14/f405)
2024-08-06 14:01:47,792:ERROR:Erro ao executar a consulta: (pymysql.err.ProgrammingError) (1064, "You have an error in your SQL syntax; check the manual that corresponds to your MariaDB server version for the right syntax to use near '662.log_sync_err ORDER BY id DESC' at line 1")
[SQL: SELECT id, table_name, sentido, operation, error FROM 662.log_sync_err ORDER BY id DESC;]
(Background on this error at: https://sqlalche.me/e/14/f405)
2024-08-06 14:02:02,133:ERROR:Erro ao executar a consulta: (pymysql.err.ProgrammingError) (1064, "You have an error in your SQL syntax; check the manual that corresponds to your MariaDB server version for the right syntax to use near '146438.log_sync_err ORDER BY id DESC' at line 1")
[SQL: SELECT id, table_name, sentido, operation, error FROM 146438.log_sync_err ORDER BY id DESC;]
(Background on this error at: https://sqlalche.me/e/14/f405)
2024-08-06 14:02:32,234:ERROR:Erro ao executar a consulta: (pymysql.err.ProgrammingError) (1064, "You have an error in your SQL syntax; check the manual that corresponds to your MariaDB server version for the right syntax to use near '146438.log_sync_err ORDER BY id DESC' at line 1")
[SQL: SELECT id, table_name, sentido, operation, error FROM 146438.log_sync_err ORDER BY id DESC;]
(Background on this error at: https://sqlalche.me/e/14/f405)
2024-08-06 14:06:24,780:ERROR:Erro ao executar a consulta: (pymysql.err.OperationalError) (1049, "Unknown database '`146438`'")
(Background on this error at: https://sqlalche.me/e/14/e3q8)
2024-08-06 15:02:07,772:ERROR:Erro ao executar a consulta: (pymysql.err.OperationalError) (2003, "Can't connect to MySQL server on '193.122.203.251' (timed out)")
(Background on this error at: https://sqlalche.me/e/14/e3q8)
2024-08-06 15:02:29,378:ERROR:Erro ao executar a consulta: (pymysql.err.OperationalError) (1049, "Unknown database '`662`'")
(Background on this error at: https://sqlalche.me/e/14/e3q8)
